<!DOCTYPE html PUBLIC "-//W3C//DTD XHTML 1.1//EN" "http://www.w3.org/TR/xhtml11/DTD/xhtml11.dtd">
<html xmlns="http://www.w3.org/1999/xhtml"><head><title>TestNG Report</title><style type="text/css">table {margin-bottom:10px;border-collapse:collapse;empty-cells:show}th,td {border:1px solid #009;padding:.25em .5em}th {vertical-align:bottom}td {vertical-align:top}table a {font-weight:bold}.stripe td {background-color: #E6EBF9}.num {text-align:right}.passedodd td {background-color: #3F3}.passedeven td {background-color: #0A0}.skippedodd td {background-color: #DDD}.skippedeven td {background-color: #CCC}.failedodd td,.attn {background-color: #F33}.failedeven td,.stripe .attn {background-color: #D00}.stacktrace {white-space:pre;font-family:monospace}.totop {font-size:85%;text-align:center;border-bottom:2px solid #000}</style></head><body><table><tr><th>Test</th><th># Passed</th><th># Skipped</th><th># Failed</th><th>Time (ms)</th><th>Included Groups</th><th>Excluded Groups</th></tr><tr><th colspan="7">Suite</th></tr><tr><td><a href="#t0">Test</a></td><td class="num">9</td><td class="num">0</td><td class="num attn">2</td><td class="num">316,482</td><td></td><td></td></tr></table><table id='summary'><thead><tr><th>Class</th><th>Method</th><th>Start</th><th>Time (ms)</th></tr></thead><tbody><tr><th colspan="4">Suite</th></tr></tbody><tbody id="t0"><tr><th colspan="4">Test &#8212; failed</th></tr><tr class="failedeven"><td rowspan="2">login.LoginTest</td><td><a href="#m0">LoginInValidEmail_Passwordwith5Character</a></td><td rowspan="1">1676216208559</td><td rowspan="1">40679</td></tr><tr class="failedeven"><td><a href="#m1">LoginValueisNotEmail_WithPassword</a></td><td rowspan="1">1676216391743</td><td rowspan="1">40506</td></tr><tr><th colspan="4">Test &#8212; passed</th></tr><tr class="passedeven"><td rowspan="9">login.LoginTest</td><td><a href="#m2">ClickonContactUs</a></td><td rowspan="1">1676216339185</td><td rowspan="1">15837</td></tr><tr class="passedeven"><td><a href="#m3">ClickonCreateAccount</a></td><td rowspan="1">1676216312801</td><td rowspan="1">17377</td></tr><tr class="passedeven"><td><a href="#m4">ClickonForgetUrPassword</a></td><td rowspan="1">1676216289812</td><td rowspan="1">16731</td></tr><tr class="passedeven"><td><a href="#m5">LoginEnterKeys</a></td><td rowspan="1">1676216363895</td><td rowspan="1">20020</td></tr><tr class="passedeven"><td><a href="#m6">LoginInValidEmail_Passwordwith8Character</a></td><td rowspan="1">1676216259138</td><td rowspan="1">20642</td></tr><tr class="passedeven"><td><a href="#m7">LoginValidEmail_ValidPasswod</a></td><td rowspan="1">1676216149209</td><td rowspan="1">20767</td></tr><tr class="passedeven"><td><a href="#m8">LoginwithEmptyEmail_EmptyPassword</a></td><td rowspan="1">1676216181512</td><td rowspan="1">16979</td></tr><tr class="passedeven"><td><a href="#m9">loginPageTitleTest</a></td><td rowspan="1">1676216129028</td><td rowspan="1">26</td></tr><tr class="passedeven"><td><a href="#m10">loginPageUrlTest</a></td><td rowspan="1">1676216140108</td><td rowspan="1">380</td></tr></tbody></table><h2>Test</h2><h3 id="m0">login.LoginTest#LoginInValidEmail_Passwordwith5Character</h3><table class="result"><tr><th>Exception</th></tr><tr><td><div class="stacktrace">org.openqa.selenium.NoSuchElementException: no such element: Unable to locate element: {&quot;method&quot;:&quot;xpath&quot;,&quot;selector&quot;:&quot;//div[@class=&apos;Input_caption__53xdW&apos;]&quot;}
  (Session info: chrome=110.0.5481.77)
For documentation on this error, please visit: http://seleniumhq.org/exceptions/no_such_element.html
Build info: version: &apos;3.14.0&apos;, revision: &apos;aacccce0&apos;, time: &apos;2018-08-02T20:19:58.91Z&apos;
System info: host: &apos;Bhavins-MacBook-Air.local&apos;, ip: &apos;fe80:0:0:0:1048:7ade:a8:b5d8%en0&apos;, os.name: &apos;Mac OS X&apos;, os.arch: &apos;x86_64&apos;, os.version: &apos;10.16&apos;, java.version: &apos;15.0.1&apos;
Driver info: org.openqa.selenium.chrome.ChromeDriver
Capabilities {acceptInsecureCerts: false, browserName: chrome, browserVersion: 110.0.5481.77, chrome: {chromedriverVersion: 109.0.5414.74 (e7c5703604da..., userDataDir: /var/folders/hf/x4rz8zl1037...}, goog:chromeOptions: {debuggerAddress: localhost:51405}, javascriptEnabled: true, networkConnectionEnabled: false, pageLoadStrategy: normal, platform: MAC, platformName: MAC, proxy: Proxy(), setWindowRect: true, strictFileInteractability: false, timeouts: {implicit: 0, pageLoad: 300000, script: 30000}, unhandledPromptBehavior: dismiss and notify, webauthn:extension:credBlob: true, webauthn:extension:largeBlob: true, webauthn:virtualAuthenticators: true}
Session ID: e3cd09385ce80820a8fb8c7000f36d95
*** Element info: {Using=xpath, value=//div[@class=&apos;Input_caption__53xdW&apos;]}
	at org.openqa.selenium.remote.http.W3CHttpResponseCodec.createException(W3CHttpResponseCodec.java:187)
	at org.openqa.selenium.remote.http.W3CHttpResponseCodec.decode(W3CHttpResponseCodec.java:122)
	at org.openqa.selenium.remote.http.W3CHttpResponseCodec.decode(W3CHttpResponseCodec.java:49)
	at org.openqa.selenium.remote.HttpCommandExecutor.execute(HttpCommandExecutor.java:158)
	at org.openqa.selenium.remote.service.DriverCommandExecutor.execute(DriverCommandExecutor.java:83)
	at org.openqa.selenium.remote.RemoteWebDriver.execute(RemoteWebDriver.java:548)
	at org.openqa.selenium.remote.RemoteWebDriver.findElement(RemoteWebDriver.java:322)
	at org.openqa.selenium.remote.RemoteWebDriver.findElementByXPath(RemoteWebDriver.java:424)
	at org.openqa.selenium.By$ByXPath.findElement(By.java:353)
	at org.openqa.selenium.remote.RemoteWebDriver.findElement(RemoteWebDriver.java:314)
	at login.LoginTest.LoginInValidEmail_Passwordwith5Character(LoginTest.java:102)
... Removed 30 stack frames</div></td></tr></table><p class="totop"><a href="#summary">back to summary</a></p><h3 id="m1">login.LoginTest#LoginValueisNotEmail_WithPassword</h3><table class="result"><tr><th>Exception</th></tr><tr><td><div class="stacktrace">org.openqa.selenium.NoSuchElementException: no such element: Unable to locate element: {&quot;method&quot;:&quot;xpath&quot;,&quot;selector&quot;:&quot;//div[@class=&apos;Input_caption__53xdW&apos;]&quot;}
  (Session info: chrome=110.0.5481.77)
For documentation on this error, please visit: http://seleniumhq.org/exceptions/no_such_element.html
Build info: version: &apos;3.14.0&apos;, revision: &apos;aacccce0&apos;, time: &apos;2018-08-02T20:19:58.91Z&apos;
System info: host: &apos;Bhavins-MacBook-Air.local&apos;, ip: &apos;fe80:0:0:0:1048:7ade:a8:b5d8%en0&apos;, os.name: &apos;Mac OS X&apos;, os.arch: &apos;x86_64&apos;, os.version: &apos;10.16&apos;, java.version: &apos;15.0.1&apos;
Driver info: org.openqa.selenium.chrome.ChromeDriver
Capabilities {acceptInsecureCerts: false, browserName: chrome, browserVersion: 110.0.5481.77, chrome: {chromedriverVersion: 109.0.5414.74 (e7c5703604da..., userDataDir: /var/folders/hf/x4rz8zl1037...}, goog:chromeOptions: {debuggerAddress: localhost:51847}, javascriptEnabled: true, networkConnectionEnabled: false, pageLoadStrategy: normal, platform: MAC, platformName: MAC, proxy: Proxy(), setWindowRect: true, strictFileInteractability: false, timeouts: {implicit: 0, pageLoad: 300000, script: 30000}, unhandledPromptBehavior: dismiss and notify, webauthn:extension:credBlob: true, webauthn:extension:largeBlob: true, webauthn:virtualAuthenticators: true}
Session ID: 93bca2818d69b2fe2bc70552e1722045
*** Element info: {Using=xpath, value=//div[@class=&apos;Input_caption__53xdW&apos;]}
	at org.openqa.selenium.remote.http.W3CHttpResponseCodec.createException(W3CHttpResponseCodec.java:187)
	at org.openqa.selenium.remote.http.W3CHttpResponseCodec.decode(W3CHttpResponseCodec.java:122)
	at org.openqa.selenium.remote.http.W3CHttpResponseCodec.decode(W3CHttpResponseCodec.java:49)
	at org.openqa.selenium.remote.HttpCommandExecutor.execute(HttpCommandExecutor.java:158)
	at org.openqa.selenium.remote.service.DriverCommandExecutor.execute(DriverCommandExecutor.java:83)
	at org.openqa.selenium.remote.RemoteWebDriver.execute(RemoteWebDriver.java:548)
	at org.openqa.selenium.remote.RemoteWebDriver.findElement(RemoteWebDriver.java:322)
	at org.openqa.selenium.remote.RemoteWebDriver.findElementByXPath(RemoteWebDriver.java:424)
	at org.openqa.selenium.By$ByXPath.findElement(By.java:353)
	at org.openqa.selenium.remote.RemoteWebDriver.findElement(RemoteWebDriver.java:314)
	at login.LoginTest.LoginValueisNotEmail_WithPassword(LoginTest.java:144)
... Removed 30 stack frames</div></td></tr></table><p class="totop"><a href="#summary">back to summary</a></p><h3 id="m2">login.LoginTest#ClickonContactUs</h3><table class="result"></table><p class="totop"><a href="#summary">back to summary</a></p><h3 id="m3">login.LoginTest#ClickonCreateAccount</h3><table class="result"></table><p class="totop"><a href="#summary">back to summary</a></p><h3 id="m4">login.LoginTest#ClickonForgetUrPassword</h3><table class="result"></table><p class="totop"><a href="#summary">back to summary</a></p><h3 id="m5">login.LoginTest#LoginEnterKeys</h3><table class="result"></table><p class="totop"><a href="#summary">back to summary</a></p><h3 id="m6">login.LoginTest#LoginInValidEmail_Passwordwith8Character</h3><table class="result"></table><p class="totop"><a href="#summary">back to summary</a></p><h3 id="m7">login.LoginTest#LoginValidEmail_ValidPasswod</h3><table class="result"></table><p class="totop"><a href="#summary">back to summary</a></p><h3 id="m8">login.LoginTest#LoginwithEmptyEmail_EmptyPassword</h3><table class="result"></table><p class="totop"><a href="#summary">back to summary</a></p><h3 id="m9">login.LoginTest#loginPageTitleTest</h3><table class="result"></table><p class="totop"><a href="#summary">back to summary</a></p><h3 id="m10">login.LoginTest#loginPageUrlTest</h3><table class="result"></table><p class="totop"><a href="#summary">back to summary</a></p></body></html>